Arguments: 
  C:\Program Files\nodejs\node.exe C:\Users\dimu\AppData\Roaming\npm\node_modules\yarn\bin\yarn.js

PATH: 
  C:\0-D\00-soft\Java\jdk1.8.0_101\bin;C:\0-D\00-soft\Java\apache-maven-3.3.9\bin;C:\0-D\00-soft\mysql-5.7.16-winx64\bin;C:\Program Files (x86)\Intel\iCLS Client\;C:\Program Files\Intel\iCLS Client\;C:\Windows\system32;C:\Windows;C:\Windows\System32\Wbem;C:\Program Files (x86)\Intel\OpenCL SDK\3.0\bin\x86;C:\Program Files (x86)\Intel\OpenCL SDK\3.0\bin\x64;C:\Program Files\Intel\Intel(R) Management Engine Components\DAL;C:\Program Files\Intel\Intel(R) Management Engine Components\IPT;C:\Program Files (x86)\Intel\Intel(R) Management Engine Components\DAL;C:\Program Files (x86)\Intel\Intel(R) Management Engine Components\IPT;C:\SWTOOLS\ReadyApps;C:\Program Files (x86)\Common Files\Lenovo;C:\Program Files\Git\cmd;C:\Program Files (x86)\Bitvise SSH Client;C:\Program Files\TortoiseSVN\bin;C:\Program Files\nodejs\;C:\Windows\System32\WindowsPowerShell\v1.0\;C:\Program Files (x86)\Windows Kits\8.1\Windows Performance Toolkit\;C:\0-D\00-soft\Java\spring-boot-cli\bin;C:\0-D\00-soft\Microsoft VS Code\bin;C:\Users\dimu\AppData\Roaming\npm

Yarn version: 
  0.27.5

Node version: 
  6.9.5

Platform: 
  win32 x64

npm manifest: 
  {
      "name": "Notes",
      "version": "1.0.0",
      "author": "KevinHuang (hh@52htn.net)",
      "description": "",
      "license": "Apache-2.0",
      "dependencies": {
          // "bower": "^1.7.9",
          "yarn": "^0.27.5"
      },
      "devDependencies": {}
  }

yarn manifest: 
  No manifest

Lockfile: 
  No lockfile

Trace: 
  SyntaxError: C:\0-E\01-repos\git\notes\package.json: Unexpected token / in JSON at position 172
      at Object.parse (native)
      at C:\Users\dimu\AppData\Roaming\npm\node_modules\yarn\lib\util\fs.js:554:57
      at next (native)
      at step (C:\Users\dimu\AppData\Roaming\npm\node_modules\yarn\node_modules\babel-runtime\helpers\asyncToGenerator.js:17:30)
      at C:\Users\dimu\AppData\Roaming\npm\node_modules\yarn\node_modules\babel-runtime\helpers\asyncToGenerator.js:28:13
