0 info it worked if it ends with ok
1 verbose cli [ 'D:\\soft\\nodejs\\node.exe',
1 verbose cli   'D:\\soft\\nodejs\\node_modules\\npm\\bin\\npm-cli.js',
1 verbose cli   'run',
1 verbose cli   'webpack',
1 verbose cli   '--watch' ]
2 info using npm@2.15.5
3 info using node@v4.4.5
4 verbose run-script [ 'prewebpack', 'webpack', 'postwebpack' ]
5 info prewebpack basic@1.0.0
6 info webpack basic@1.0.0
7 verbose unsafe-perm in lifecycle true
8 info basic@1.0.0 Failed to exec webpack script
9 verbose stack Error: basic@1.0.0 webpack: `webpack`
9 verbose stack Exit status 2
9 verbose stack     at EventEmitter.<anonymous> (D:\soft\nodejs\node_modules\npm\lib\utils\lifecycle.js:217:16)
9 verbose stack     at emitTwo (events.js:87:13)
9 verbose stack     at EventEmitter.emit (events.js:172:7)
9 verbose stack     at ChildProcess.<anonymous> (D:\soft\nodejs\node_modules\npm\lib\utils\spawn.js:24:14)
9 verbose stack     at emitTwo (events.js:87:13)
9 verbose stack     at ChildProcess.emit (events.js:172:7)
9 verbose stack     at maybeClose (internal/child_process.js:827:16)
9 verbose stack     at Process.ChildProcess._handle.onexit (internal/child_process.js:211:5)
10 verbose pkgid basic@1.0.0
11 verbose cwd D:\program\repos\notes\reactjs\basic
12 error Windows_NT 6.1.7601
13 error argv "D:\\soft\\nodejs\\node.exe" "D:\\soft\\nodejs\\node_modules\\npm\\bin\\npm-cli.js" "run" "webpack" "--watch"
14 error node v4.4.5
15 error npm  v2.15.5
16 error code ELIFECYCLE
17 error basic@1.0.0 webpack: `webpack`
17 error Exit status 2
18 error Failed at the basic@1.0.0 webpack script 'webpack'.
18 error This is most likely a problem with the basic package,
18 error not with npm itself.
18 error Tell the author that this fails on your system:
18 error     webpack
18 error You can get information on how to open an issue for this project with:
18 error     npm bugs basic
18 error Or if that isn't available, you can get their info via:
18 error
18 error     npm owner ls basic
18 error There is likely additional logging output above.
19 verbose exit [ 1, true ]
